# JRE version: OpenJDK Runtime Environment AdoptOpenJDK (11.0.8+10) (build 11.0.8+10)
# Java VM: OpenJDK 64-Bit Server VM AdoptOpenJDK (11.0.8+10, mixed mode, tiered, compressed oops, g1 gc, windows-amd64)
Heap:
 garbage-first heap   total 152576K, used 62719K [0x0000000084000000, 0x0000000100000000)
  region size 1024K, 6 young (6144K), 1 survivors (1024K)
 Metaspace       used 50439K, capacity 51126K, committed 51456K, reserved 1095680K
  class space    used 5718K, capacity 6033K, committed 6144K, reserved 1048576K
GC Heap History (20 events):
Event: 27.115 GC heap before
{Heap before GC invocations=180 (full 0):
 garbage-first heap   total 152576K, used 134888K [0x0000000084000000, 0x0000000100000000)
  region size 1024K, 89 young (91136K), 1 survivors (1024K)
 Metaspace       used 49987K, capacity 50752K, committed 51072K, reserved 1093632K
  class space    used 5678K, capacity 5995K, committed 6016K, reserved 1048576K
}
Event: 27.115 GC heap after
{Heap after GC invocations=181 (full 0):
 garbage-first heap   total 152576K, used 44784K [0x0000000084000000, 0x0000000100000000)
  region size 1024K, 1 young (1024K), 1 survivors (1024K)
 Metaspace       used 49987K, capacity 50752K, committed 51072K, reserved 1093632K
  class space    used 5678K, capacity 5995K, committed 6016K, reserved 1048576K
}
Event: 27.202 GC heap before
{Heap before GC invocations=181 (full 0):
 garbage-first heap   total 152576K, used 134896K [0x0000000084000000, 0x0000000100000000)
  region size 1024K, 89 young (91136K), 1 survivors (1024K)
 Metaspace       used 49987K, capacity 50752K, committed 51072K, reserved 1093632K
  class space    used 5678K, capacity 5995K, committed 6016K, reserved 1048576K
}
Event: 27.203 GC heap after
{Heap after GC invocations=182 (full 0):
 garbage-first heap   total 152576K, used 44782K [0x0000000084000000, 0x0000000100000000)
  region size 1024K, 1 young (1024K), 1 survivors (1024K)
 Metaspace       used 49987K, capacity 50752K, committed 51072K, reserved 1093632K
  class space    used 5678K, capacity 5995K, committed 6016K, reserved 1048576K
}
Event: 27.288 GC heap before
{Heap before GC invocations=182 (full 0):
 garbage-first heap   total 152576K, used 134894K [0x0000000084000000, 0x0000000100000000)
  region size 1024K, 89 young (91136K), 1 survivors (1024K)
 Metaspace       used 49987K, capacity 50752K, committed 51072K, reserved 1093632K
  class space    used 5678K, capacity 5995K, committed 6016K, reserved 1048576K
}
Event: 27.289 GC heap after
{Heap after GC invocations=183 (full 0):
 garbage-first heap   total 152576K, used 44787K [0x0000000084000000, 0x0000000100000000)
  region size 1024K, 1 young (1024K), 1 survivors (1024K)
 Metaspace       used 49987K, capacity 50752K, committed 51072K, reserved 1093632K
  class space    used 5678K, capacity 5995K, committed 6016K, reserved 1048576K
}
Event: 27.376 GC heap before
{Heap before GC invocations=183 (full 0):
 garbage-first heap   total 152576K, used 134899K [0x0000000084000000, 0x0000000100000000)
  region size 1024K, 89 young (91136K), 1 survivors (1024K)
 Metaspace       used 49987K, capacity 50752K, committed 51072K, reserved 1093632K
  class space    used 5678K, capacity 5995K, committed 6016K, reserved 1048576K
}
Event: 27.377 GC heap after
{Heap after GC invocations=184 (full 0):
 garbage-first heap   total 152576K, used 44781K [0x0000000084000000, 0x0000000100000000)
  region size 1024K, 1 young (1024K), 1 survivors (1024K)
 Metaspace       used 49987K, capacity 50752K, committed 51072K, reserved 1093632K
  class space    used 5678K, capacity 5995K, committed 6016K, reserved 1048576K
}
Event: 27.464 GC heap before
{Heap before GC invocations=184 (full 0):
 garbage-first heap   total 152576K, used 134893K [0x0000000084000000, 0x0000000100000000)
  region size 1024K, 89 young (91136K), 1 survivors (1024K)
 Metaspace       used 49987K, capacity 50752K, committed 51072K, reserved 1093632K
  class space    used 5678K, capacity 5995K, committed 6016K, reserved 1048576K
}
Event: 27.465 GC heap after
{Heap after GC invocations=185 (full 0):
 garbage-first heap   total 152576K, used 44787K [0x0000000084000000, 0x0000000100000000)
  region size 1024K, 1 young (1024K), 1 survivors (1024K)
 Metaspace       used 49987K, capacity 50752K, committed 51072K, reserved 1093632K
  class space    used 5678K, capacity 5995K, committed 6016K, reserved 1048576K
}
Event: 27.554 GC heap before
{Heap before GC invocations=185 (full 0):
 garbage-first heap   total 152576K, used 134899K [0x0000000084000000, 0x0000000100000000)
  region size 1024K, 89 young (91136K), 1 survivors (1024K)
 Metaspace       used 49988K, capacity 50752K, committed 51072K, reserved 1093632K
  class space    used 5678K, capacity 5995K, committed 6016K, reserved 1048576K
}
Event: 27.555 GC heap after
{Heap after GC invocations=186 (full 0):
 garbage-first heap   total 152576K, used 44785K [0x0000000084000000, 0x0000000100000000)
  region size 1024K, 1 young (1024K), 1 survivors (1024K)
 Metaspace       used 49988K, capacity 50752K, committed 51072K, reserved 1093632K
  class space    used 5678K, capacity 5995K, committed 6016K, reserved 1048576K
}
Event: 406.799 GC heap before
{Heap before GC invocations=186 (full 0):
 garbage-first heap   total 152576K, used 107249K [0x0000000084000000, 0x0000000100000000)
  region size 1024K, 44 young (45056K), 1 survivors (1024K)
 Metaspace       used 50156K, capacity 50890K, committed 51072K, reserved 1093632K
  class space    used 5687K, capacity 5999K, committed 6016K, reserved 1048576K
}
Event: 406.800 GC heap after
{Heap after GC invocations=187 (full 0):
 garbage-first heap   total 152576K, used 64494K [0x0000000084000000, 0x0000000100000000)
  region size 1024K, 1 young (1024K), 1 survivors (1024K)
 Metaspace       used 50156K, capacity 50890K, committed 51072K, reserved 1093632K
  class space    used 5687K, capacity 5999K, committed 6016K, reserved 1048576K
}
Event: 409.242 GC heap before
{Heap before GC invocations=188 (full 0):
 garbage-first heap   total 152576K, used 62446K [0x0000000084000000, 0x0000000100000000)
  region size 1024K, 3 young (3072K), 1 survivors (1024K)
 Metaspace       used 50162K, capacity 50890K, committed 51072K, reserved 1093632K
  class space    used 5687K, capacity 5999K, committed 6016K, reserved 1048576K
}
Event: 409.244 GC heap after
{Heap after GC invocations=189 (full 0):
 garbage-first heap   total 152576K, used 51180K [0x0000000084000000, 0x0000000100000000)
  region size 1024K, 1 young (1024K), 1 survivors (1024K)
 Metaspace       used 50162K, capacity 50890K, committed 51072K, reserved 1093632K
  class space    used 5687K, capacity 5999K, committed 6016K, reserved 1048576K
}
Event: 409.381 GC heap before
{Heap before GC invocations=190 (full 0):
 garbage-first heap   total 152576K, used 67564K [0x0000000084000000, 0x0000000100000000)
  region size 1024K, 2 young (2048K), 1 survivors (1024K)
 Metaspace       used 50173K, capacity 50890K, committed 51072K, reserved 1093632K
  class space    used 5687K, capacity 5999K, committed 6016K, reserved 1048576K
}
Event: 409.383 GC heap after
{Heap after GC invocations=191 (full 0):
 garbage-first heap   total 152576K, used 62675K [0x0000000084000000, 0x0000000100000000)
  region size 1024K, 1 young (1024K), 1 survivors (1024K)
 Metaspace       used 50173K, capacity 50890K, committed 51072K, reserved 1093632K
  class space    used 5687K, capacity 5999K, committed 6016K, reserved 1048576K
}
Event: 409.578 GC heap before
{Heap before GC invocations=192 (full 0):
 garbage-first heap   total 152576K, used 64723K [0x0000000084000000, 0x0000000100000000)
  region size 1024K, 2 young (2048K), 1 survivors (1024K)
 Metaspace       used 50180K, capacity 50890K, committed 51072K, reserved 1093632K
  class space    used 5687K, capacity 5999K, committed 6016K, reserved 1048576K
}
Event: 409.579 GC heap after
{Heap after GC invocations=193 (full 0):
 garbage-first heap   total 152576K, used 51455K [0x0000000084000000, 0x0000000100000000)
  region size 1024K, 1 young (1024K), 1 survivors (1024K)
 Metaspace       used 50180K, capacity 50890K, committed 51072K, reserved 1093632K
  class space    used 5687K, capacity 5999K, committed 6016K, reserved 1048576K
}

